<?xml version="1.0" encoding="UTF-8"?>
<!-- Generated by org.testng.reporters.JUnitXMLReporter -->
<testsuite hostname="DESKTOP-HSLMIQI" ignored="0" name="Default test" tests="4" failures="0" timestamp="24 Apr 2020 17:07:43 GMT" time="81.959" errors="0">
  <testcase name="loginWithBothCorrect" time="25.662" classname="loginTestCase.Login"/>
  <testcase name="loginWithBothCorrect" time="15.203" classname="loginTestCase.Login"/>
  <testcase name="loginWithBothCorrect" time="21.241" classname="loginTestCase.Login"/>
  <testcase name="loginWithBothCorrect" time="19.682" classname="loginTestCase.Login"/>
</testsuite> <!-- Default test -->
