<?xml version="1.0" encoding="UTF-8"?>
<testng-results skipped="0" failed="0" ignored="0" total="4" passed="4">
  <reporter-output>
  </reporter-output>
  <suite name="Default suite" duration-ms="81959" started-at="2020-04-24T17:06:21Z" finished-at="2020-04-24T17:07:43Z">
    <groups>
    </groups>
    <test name="Default test" duration-ms="81959" started-at="2020-04-24T17:06:21Z" finished-at="2020-04-24T17:07:43Z">
      <class name="loginTestCase.Login">
        <test-method status="PASS" signature="loginWithBothCorrect(java.lang.String, java.lang.String)[pri:0, instance:loginTestCase.Login@724af044]" name="loginWithBothCorrect" duration-ms="25662" started-at="2020-04-24T17:06:21Z" data-provider="loginData" finished-at="2020-04-24T17:06:47Z">
          <params>
            <param index="0">
              <value>
                <![CDATA[Admin]]>
              </value>
            </param>
            <param index="1">
              <value>
                <![CDATA[admin123]]>
              </value>
            </param>
          </params>
          <reporter-output>
          </reporter-output>
        </test-method> <!-- loginWithBothCorrect -->
        <test-method status="PASS" signature="loginWithBothCorrect(java.lang.String, java.lang.String)[pri:0, instance:loginTestCase.Login@724af044]" name="loginWithBothCorrect" duration-ms="15203" started-at="2020-04-24T17:06:47Z" data-provider="loginData" finished-at="2020-04-24T17:07:02Z">
          <params>
            <param index="0">
              <value>
                <![CDATA[Admin]]>
              </value>
            </param>
            <param index="1">
              <value>
                <![CDATA[admin]]>
              </value>
            </param>
          </params>
          <reporter-output>
          </reporter-output>
        </test-method> <!-- loginWithBothCorrect -->
        <test-method status="PASS" signature="loginWithBothCorrect(java.lang.String, java.lang.String)[pri:0, instance:loginTestCase.Login@724af044]" name="loginWithBothCorrect" duration-ms="21241" started-at="2020-04-24T17:07:02Z" data-provider="loginData" finished-at="2020-04-24T17:07:23Z">
          <params>
            <param index="0">
              <value>
                <![CDATA[admin]]>
              </value>
            </param>
            <param index="1">
              <value>
                <![CDATA[admin123]]>
              </value>
            </param>
          </params>
          <reporter-output>
          </reporter-output>
        </test-method> <!-- loginWithBothCorrect -->
        <test-method status="PASS" signature="loginWithBothCorrect(java.lang.String, java.lang.String)[pri:0, instance:loginTestCase.Login@724af044]" name="loginWithBothCorrect" duration-ms="19682" started-at="2020-04-24T17:07:23Z" data-provider="loginData" finished-at="2020-04-24T17:07:43Z">
          <params>
            <param index="0">
              <value>
                <![CDATA[admin]]>
              </value>
            </param>
            <param index="1">
              <value>
                <![CDATA[Admin123]]>
              </value>
            </param>
          </params>
          <reporter-output>
          </reporter-output>
        </test-method> <!-- loginWithBothCorrect -->
      </class> <!-- loginTestCase.Login -->
    </test> <!-- Default test -->
  </suite> <!-- Default suite -->
</testng-results>
