<?xml version="1.0" encoding="UTF-8"?>
<!-- Generated by org.testng.reporters.JUnitXMLReporter -->
<testsuite hostname="DESKTOP-HSLMIQI" ignored="0" name="Login to Application" tests="1" failures="1" timestamp="01 Apr 2020 18:00:03 GMT" time="10.506" errors="0">
  <testcase name="LoginTest" time="0.0" classname="Demo.DataDrivenOrangeHRM.LoginTestCase">
    <failure type="org.testng.TestNGException" message="
Cannot inject @Test annotated Method [LoginTest] with [class java.lang.String, class java.lang.String].
For more information on native dependency injection please refer to http://testng.org/doc/documentation-main.html#native-dependency-injection">
      <![CDATA[org.testng.TestNGException: 
Cannot inject @Test annotated Method [LoginTest] with [class java.lang.String, class java.lang.String].
For more information on native dependency injection please refer to http://testng.org/doc/documentation-main.html#native-dependency-injection
... Removed 24 stack frames]]>
    </failure>
  </testcase> <!-- LoginTest -->
</testsuite> <!-- Login to Application -->
