<?xml version="1.0" encoding="UTF-8"?>
<!-- Generated by org.testng.reporters.JUnitXMLReporter -->
<testsuite hostname="DESKTOP-HSLMIQI" ignored="0" name="Login Test" tests="4" failures="0" timestamp="01 Apr 2020 17:18:20 GMT" time="71.256" errors="0">
  <testcase name="loginWithBothCorrect" time="18.9" classname="loginTestCase.BothCorrect"/>
  <testcase name="loginWithBothInCorrect" time="14.063" classname="loginTestCase.BothInCorrect"/>
  <testcase name="loginWithCorrectPassword" time="16.336" classname="loginTestCase.CorrectPassword"/>
  <testcase name="loginWithCorrectUserName" time="21.876" classname="loginTestCase.CorrectUserName"/>
</testsuite> <!-- Login Test -->
